
SQL*Loader: Release 11.2.0.2.0 - Production on Sun Oct 11 20:01:01 2015

Copyright (c) 1982, 2009, Oracle and/or its affiliates.  All rights reserved.

Control File:   C:\Users\ARPIT\Google Drive\Workspace\CSC540\dbms-lib\Data\TestData\LIBRARY.ctl
Data File:      C:\Users\ARPIT\Google Drive\Workspace\CSC540\dbms-lib\Data\TestData\LIBRARY.csv
  Bad File:     C:\Users\ARPIT\Google Drive\Workspace\CSC540\dbms-lib\Data\TestData\LIBRARY.bad
  Discard File:  none specified
 
 (Allow all discards)

Number to load: ALL
Number to skip: 0
Errors allowed: 50
Bind array:     64 rows, maximum of 256000 bytes
Continuation:    none specified
Path used:      Conventional

Table LIBRARY, loaded from every logical record.
Insert option in effect for this table: INSERT

   Column Name                  Position   Len  Term Encl Datatype
------------------------------ ---------- ----- ---- ---- ---------------------
LIBRARY_ID                          FIRST     *   ,  O(") CHARACTER            
LIBRARY_NAME                         NEXT     *   ,  O(") CHARACTER            
ADDRESSID                            NEXT     *   ,  O(") CHARACTER            
ADDRESSLINEONE                       NEXT     *   ,  O(") CHARACTER            
ADDRESSLINETWO                       NEXT     *   ,  O(") CHARACTER            
CITYNAME                             NEXT     *   ,  O(") CHARACTER            
PINCODE                              NEXT     *   ,  O(") CHARACTER            


Table LIBRARY:
  2 Rows successfully loaded.
  0 Rows not loaded due to data errors.
  0 Rows not loaded because all WHEN clauses were failed.
  0 Rows not loaded because all fields were null.


Space allocated for bind array:                 115584 bytes(64 rows)
Read   buffer bytes: 1048576

Total logical records skipped:          0
Total logical records read:             2
Total logical records rejected:         0
Total logical records discarded:        0

Run began on Sun Oct 11 20:01:01 2015
Run ended on Sun Oct 11 20:01:01 2015

Elapsed time was:     00:00:00.12
CPU time was:         00:00:00.03
